<?xml version="1.0" encoding="UTF-8"?>
<!-- Generated by org.testng.reporters.JUnitXMLReporter -->
<testsuite hostname="DESKTOP-G4JM6EP" ignored="0" name="LinkedinTest" tests="4" failures="0" timestamp="2021-05-20T18:00:39 CDT" time="30.497" errors="0">
  <testcase name="SearchDataDrivenTest" time="6.764" classname="com.qa.linkedin.test.SearchDataDrivenTest"/>
  <testcase name="SearchDataDrivenTest" time="6.435" classname="com.qa.linkedin.test.SearchDataDrivenTest"/>
  <testcase name="SearchDataDrivenTest" time="6.227" classname="com.qa.linkedin.test.SearchDataDrivenTest"/>
  <testcase name="SearchDataDrivenTest" time="6.427" classname="com.qa.linkedin.test.SearchDataDrivenTest"/>
</testsuite> <!-- LinkedinTest -->
