<?xml version="1.0" encoding="UTF-8"?>
<!-- Generated by org.testng.reporters.JUnitXMLReporter -->
<testsuite hostname="DESKTOP-G4JM6EP" ignored="0" name="Default test" tests="4" failures="0" timestamp="2021-05-20T15:55:07 CDT" time="33.888" errors="0">
  <testcase name="SearchDataDrivenTest" time="6.793" classname="com.qa.linkedin.test.SearchDataDrivenTest"/>
  <testcase name="SearchDataDrivenTest" time="6.393" classname="com.qa.linkedin.test.SearchDataDrivenTest"/>
  <testcase name="SearchDataDrivenTest" time="7.005" classname="com.qa.linkedin.test.SearchDataDrivenTest"/>
  <testcase name="SearchDataDrivenTest" time="7.419" classname="com.qa.linkedin.test.SearchDataDrivenTest"/>
</testsuite> <!-- Default test -->
