<?xml version="1.0" encoding="UTF-8"?>
<testng-results skipped="0" failed="0" ignored="0" total="4" passed="4">
  <reporter-output>
  </reporter-output>
  <suite name="LinkedinSuite" duration-ms="30497" started-at="2021-05-20T18:00:08 CDT" finished-at="2021-05-20T18:00:39 CDT">
    <groups>
    </groups>
    <test name="LinkedinTest" duration-ms="30497" started-at="2021-05-20T18:00:08 CDT" finished-at="2021-05-20T18:00:39 CDT">
      <class name="com.qa.linkedin.test.SearchDataDrivenTest">
        <test-method status="PASS" signature="setUp()[pri:0, instance:com.qa.linkedin.test.SearchDataDrivenTest@10d59286]" name="setUp" is-config="true" duration-ms="4152" started-at="2021-05-20T18:00:04 CDT" finished-at="2021-05-20T18:00:08 CDT">
          <reporter-output>
          </reporter-output>
        </test-method> <!-- setUp -->
        <test-method status="PASS" signature="beforeClass()[pri:0, instance:com.qa.linkedin.test.SearchDataDrivenTest@10d59286]" name="beforeClass" is-config="true" duration-ms="6187" started-at="2021-05-20T18:00:08 CDT" finished-at="2021-05-20T18:00:14 CDT">
          <reporter-output>
          </reporter-output>
        </test-method> <!-- beforeClass -->
        <test-method status="PASS" signature="SearchDataDrivenTest(java.lang.String)[pri:0, instance:com.qa.linkedin.test.SearchDataDrivenTest@10d59286]" name="SearchDataDrivenTest" duration-ms="6764" started-at="2021-05-20T18:00:12 CDT" data-provider="getData" finished-at="2021-05-20T18:00:19 CDT">
          <params>
            <param index="0">
              <value>
                <![CDATA[Ramesh]]>
              </value>
            </param>
          </params>
          <reporter-output>
          </reporter-output>
        </test-method> <!-- SearchDataDrivenTest -->
        <test-method status="PASS" signature="SearchDataDrivenTest(java.lang.String)[pri:0, instance:com.qa.linkedin.test.SearchDataDrivenTest@10d59286]" name="SearchDataDrivenTest" duration-ms="6435" started-at="2021-05-20T18:00:19 CDT" data-provider="getData" finished-at="2021-05-20T18:00:25 CDT">
          <params>
            <param index="0">
              <value>
                <![CDATA[Lakshmi]]>
              </value>
            </param>
          </params>
          <reporter-output>
          </reporter-output>
        </test-method> <!-- SearchDataDrivenTest -->
        <test-method status="PASS" signature="SearchDataDrivenTest(java.lang.String)[pri:0, instance:com.qa.linkedin.test.SearchDataDrivenTest@10d59286]" name="SearchDataDrivenTest" duration-ms="6227" started-at="2021-05-20T18:00:25 CDT" data-provider="getData" finished-at="2021-05-20T18:00:31 CDT">
          <params>
            <param index="0">
              <value>
                <![CDATA[SriLakshmi]]>
              </value>
            </param>
          </params>
          <reporter-output>
          </reporter-output>
        </test-method> <!-- SearchDataDrivenTest -->
        <test-method status="PASS" signature="SearchDataDrivenTest(java.lang.String)[pri:0, instance:com.qa.linkedin.test.SearchDataDrivenTest@10d59286]" name="SearchDataDrivenTest" duration-ms="6427" started-at="2021-05-20T18:00:31 CDT" data-provider="getData" finished-at="2021-05-20T18:00:38 CDT">
          <params>
            <param index="0">
              <value>
                <![CDATA[Venkat]]>
              </value>
            </param>
          </params>
          <reporter-output>
          </reporter-output>
        </test-method> <!-- SearchDataDrivenTest -->
        <test-method status="PASS" signature="afterClass()[pri:0, instance:com.qa.linkedin.test.SearchDataDrivenTest@10d59286]" name="afterClass" is-config="true" duration-ms="885" started-at="2021-05-20T18:00:38 CDT" finished-at="2021-05-20T18:00:39 CDT">
          <reporter-output>
          </reporter-output>
        </test-method> <!-- afterClass -->
        <test-method status="PASS" signature="tearDown()[pri:0, instance:com.qa.linkedin.test.SearchDataDrivenTest@10d59286]" name="tearDown" is-config="true" duration-ms="786" started-at="2021-05-20T18:00:39 CDT" finished-at="2021-05-20T18:00:40 CDT">
          <reporter-output>
          </reporter-output>
        </test-method> <!-- tearDown -->
      </class> <!-- com.qa.linkedin.test.SearchDataDrivenTest -->
    </test> <!-- LinkedinTest -->
  </suite> <!-- LinkedinSuite -->
</testng-results>
